<?xml version="1.0" encoding="UTF-8"?>
<testng-results ignored="0" total="1" passed="1" failed="0" skipped="0">
  <reporter-output>
  </reporter-output>
  <suite started-at="2024-10-21T09:55:30 NPT" name="Default suite" finished-at="2024-10-21T09:56:02 NPT" duration-ms="32018">
    <groups>
    </groups>
    <test started-at="2024-10-21T09:55:30 NPT" name="Default test" finished-at="2024-10-21T09:56:02 NPT" duration-ms="32018">
      <class name="com.automationLiteCart.LoginTest">
        <test-method is-config="true" signature="setup()[pri:0, instance:com.automationLiteCart.LoginTest@74fe5c40]" started-at="2024-10-21T09:55:30 NPT" name="setup" finished-at="2024-10-21T09:55:37 NPT" duration-ms="7480" status="PASS">
          <reporter-output>
          </reporter-output>
        </test-method> <!-- setup -->
        <test-method signature="verifyLoginTest()[pri:0, instance:com.automationLiteCart.LoginTest@74fe5c40]" started-at="2024-10-21T09:55:37 NPT" name="verifyLoginTest" finished-at="2024-10-21T09:56:02 NPT" duration-ms="24449" status="PASS">
          <reporter-output>
          </reporter-output>
        </test-method> <!-- verifyLoginTest -->
        <test-method is-config="true" signature="closeBrowserSession()[pri:0, instance:com.automationLiteCart.LoginTest@74fe5c40]" started-at="2024-10-21T09:56:02 NPT" name="closeBrowserSession" finished-at="2024-10-21T09:56:02 NPT" duration-ms="63" status="PASS">
          <reporter-output>
          </reporter-output>
        </test-method> <!-- closeBrowserSession -->
      </class> <!-- com.automationLiteCart.LoginTest -->
    </test> <!-- Default test -->
  </suite> <!-- Default suite -->
</testng-results>
